c:\users\ofuge\documents\seun project\ann-multilayer\ann\x64\debug\ann.myform.resources
c:\users\ofuge\documents\seun project\ann-multilayer\ann\x64\debug\vc141.pdb
c:\users\ofuge\documents\seun project\ann-multilayer\ann\x64\debug\process.obj
c:\users\ofuge\documents\seun project\ann-multilayer\ann\x64\debug\myform.obj
c:\users\ofuge\documents\seun project\ann-multilayer\ann\x64\debug\ann.obj
c:\users\ofuge\documents\seun project\ann-multilayer\ann\x64\debug\activation_function.obj
c:\users\ofuge\documents\seun project\ann-multilayer\ann\x64\debug\.netframework,version=v4.6.1.assemblyattributes.obj
c:\users\ofuge\documents\seun project\ann-multilayer\ann\x64\debug\.netframework,version=v4.6.1.assemblyattributes.asm
c:\users\ofuge\documents\seun project\ann-multilayer\x64\debug\ann.exe
c:\users\ofuge\documents\seun project\ann-multilayer\x64\debug\ann.pdb
c:\users\ofuge\documents\seun project\ann-multilayer\ann\x64\debug\ann.vcxproj.generateresource.cache
c:\users\ofuge\documents\seun project\ann-multilayer\ann\x64\debug\ann.vcxprojassemblyreference.cache
c:\users\ofuge\documents\seun project\ann-multilayer\ann\x64\debug\ann.tlog\ann.write.1u.tlog
c:\users\ofuge\documents\seun project\ann-multilayer\ann\x64\debug\ann.tlog\cl.command.1.tlog
c:\users\ofuge\documents\seun project\ann-multilayer\ann\x64\debug\ann.tlog\cl.read.1.tlog
c:\users\ofuge\documents\seun project\ann-multilayer\ann\x64\debug\ann.tlog\cl.write.1.tlog
c:\users\ofuge\documents\seun project\ann-multilayer\ann\x64\debug\ann.tlog\link.command.1.tlog
c:\users\ofuge\documents\seun project\ann-multilayer\ann\x64\debug\ann.tlog\link.read.1.tlog
c:\users\ofuge\documents\seun project\ann-multilayer\ann\x64\debug\ann.tlog\link.write.1.tlog
c:\users\ofuge\documents\seun project\ann-multilayer\ann\x64\debug\ann.tlog\metagen.read.1.tlog
c:\users\ofuge\documents\seun project\ann-multilayer\ann\x64\debug\ann.tlog\metagen.write.1.tlog
